259
1 1 1
1 1 2
2 1 2
2 2 2
2 2 3
2 2 4
2 1 4
1 1 4
1 1 5
1 1 6
1 1 7
1 1 8
1 2 8
1 2 9
2 2 9
2 3 9
2 3 10
2 3 11
2 4 11
2 5 11
2 6 11
2 7 11
2 8 11
2 9 11
2 10 11
2 11 11
2 12 11
2 12 12
2 13 12
2 13 13
2 14 13
2 15 13
2 16 13
2 17 13
2 18 13
2 18 14
2 18 15
2 18 16
2 18 17
3 18 17
3 18 18
3 18 19
3 18 20
3 19 20
3 19 21
3 20 21
3 20 22
3 21 22
3 22 22
3 22 23
4 22 23
4 22 24
4 22 25
4 22 26
4 22 27
4 22 28
4 23 28
4 24 28
4 24 29
5 24 29
5 24 30
5 25 30
5 25 31
5 26 31
5 27 31
5 27 32
6 27 32
6 27 33
6 28 33
6 29 33
7 29 33
7 30 33
7 31 33
7 32 33
7 33 33
7 33 34
7 34 34
7 34 35
7 34 36
7 34 37
7 35 37
7 35 38
7 36 38
7 37 38
7 38 38
7 38 39
7 38 40
7 38 41
7 38 42
7 39 42
7 40 42
7 41 42
7 42 42
7 43 42
7 43 43
7 44 43
7 45 43
7 46 43
7 46 44
8 46 44
8 47 44
8 48 44
8 49 44
8 50 44
9 50 44
9 51 44
9 52 44
9 52 45
9 53 45
9 53 46
9 54 46
9 54 47
9 54 48
9 55 48
10 55 48
10 56 48
10 57 48
10 57 49
10 57 50
10 57 51
10 58 51
10 59 51
11 59 51
11 60 51
11 61 51
11 61 52
11 62 52
11 62 53
11 63 53
11 64 53
11 64 54
11 64 55
11 65 55
11 65 56
11 65 57
11 65 58
11 65 59
11 65 60
11 65 61
11 66 61
11 66 62
11 66 63
12 66 63
12 66 64
12 67 64
12 67 65
13 67 65
13 67 66
13 67 67
13 67 68
13 68 68
13 68 69
13 68 70
13 69 70
13 70 70
13 70 71
13 71 71
13 72 71
13 73 71
13 73 72
14 73 72
14 73 73
14 73 74
14 73 75
14 74 75
14 75 75
14 75 76
14 75 77
14 76 77
15 76 77
15 76 78
15 76 79
16 76 79
17 76 79
18 76 79
18 76 80
19 76 80
20 76 80
21 76 80
22 76 80
23 76 80
24 76 80
25 76 80
26 76 80
26 76 81
26 76 82
27 76 82
27 77 82
28 77 82
29 77 82
29 78 82
30 78 82
31 78 82
32 78 82
33 78 82
34 78 82
35 78 82
36 78 82
37 78 82
38 78 82
39 78 82
40 78 82
41 78 82
42 78 82
43 78 82
44 78 82
45 78 82
46 78 82
47 78 82
48 78 82
49 78 82
50 78 82
50 79 82
51 79 82
51 80 82
52 80 82
52 81 82
53 81 82
54 81 82
55 81 82
56 81 82
57 81 82
58 81 82
59 81 82
60 81 82
61 81 82
62 81 82
63 81 82
64 81 82
65 81 82
66 81 82
67 81 82
68 81 82
69 81 82
70 81 82
70 82 82
70 83 82
71 83 82
72 83 82
72 84 82
73 84 82
73 84 83
74 84 83
74 84 84
74 85 84
75 85 84
76 85 84
77 85 84
78 85 84
79 85 84
80 85 84
81 85 84
82 85 84
83 85 84
84 85 84
84 85 83
85 85 83
85 85 84
85 85 85