-110 1 6 5
2 1 8 2
-157 1 12 4
1 1 13 1
-526 1 30 17
8 1 31 1
-398 1 47 16
1 1 48 1
-102 1 50 3
-263 2 14 13
13 2 15 1
-370 2 26 11
34 2 28 2
-34 2 29 1
5 2 30 1
-55 2 31 1
34 2 32 1
-372 2 44 12
13 2 45 1
-118 2 49 4
-55 2 50 1
2 2 50 1
-45 3 4 3
24 3 6 2
-233 3 13 7
16 3 15 2
-380 3 30 15
8 3 31 1
-81 3 34 3
8 3 35 1
-280 3 44 9
7 3 46 2
-131 3 50 5
-8 4 2 1
3 4 4 2
-81 4 7 3
2 4 8 1
-42 4 10 2
34 4 11 1
-110 4 15 4
23 4 17 2
-144 4 23 6
13 4 25 2
-385 4 38 13
11 4 41 3
-34 4 42 1
34 4 43 1
-157 4 47 4
16 4 50 4
-167 5 8 7
8 5 9 1
-34 5 10 1
34 5 11 1
-34 5 12 1
2 5 13 1
-186 5 18 5
1 5 19 1
-34 5 20 1
3 5 21 1
-173 5 27 6
1 5 28 1
-511 5 46 18
34 5 48 2
-89 5 50 3
-120 6 7 6
3 6 8 1
-60 6 11 3
1 6 12 1
-13 6 13 1
2 6 14 1
-186 6 22 8
34 6 23 1
-230 6 31 8
5 6 32 1
-102 6 37 5
34 6 38 1
-173 6 45 7
34 6 46 1
-21 6 47 1
21 6 48 1
-55 6 50 3
-123 7 4 3
13 7 6 2
-474 7 22 16
2 7 23 1
-199 7 30 7
5 7 31 1
-257 7 41 10
3 7 42 1
-207 7 50 9
-110 8 5 4
20 8 9 4
-191 8 15 6
1 8 16 1
-81 8 19 3
13 8 20 1
-385 8 33 13
34 8 34 1
-204 8 40 6
21 8 41 1
-102 8 44 3
13 8 45 1
-202 8 50 6
-105 9 6 5
2 9 7 1
-1008 9 38 31
21 9 39 1
-13 9 40 1
39 9 42 2
-89 9 45 3
8 9 46 1
-89 9 49 3
-34 9 50 1
8 9 50 1
8 10 2 1
-105 10 7 5
5 10 8 1
-105 10 14 6
34 10 15 1
-157 10 22 7
16 10 24 2
-115 10 29 5
1 10 30 1
-662 10 50 20
5 10 50 1
-280 11 8 7
5 11 9 1
-170 11 14 5
3 11 15 1
-21 11 16 1
3 11 17 1
-131 11 22 5
5 11 23 1
-165 11 29 6
21 11 30 1
-136 11 36 6
1 11 37 1
-97 11 41 4
3 11 42 1
-89 11 45 3
29 11 47 2
-71 11 50 4
-183 12 8 7
39 12 10 2
-155 12 16 6
21 12 17 1
-228 12 26 9
3 12 27 1
-296 12 37 10
2 12 38 1
-105 12 43 5
8 12 44 1
-34 12 45 1
1 12 46 1
-110 12 50 5
-155 13 7 6
5 13 9 2
-157 13 13 4
34 13 14 1
-34 13 15 1
13 13 16 1
-131 13 19 3
3 13 20 1
-377 13 34 14
1 13 35 1
-144 13 40 5
13 13 41 1
-68 13 43 2
21 13 44 1
-288 13 50 7
-149 14 7 6
3 14 8 1
-102 14 13 5
34 14 15 2
-55 14 18 3
2 14 19 1
-76 14 22 3
21 14 23 1
-34 14 24 1
13 14 25 1
-144 14 30 5
13 14 31 1
-118 14 37 6
8 14 38 1
-21 14 39 1
3 14 40 1
-356 14 50 11
-68 15 3 2
2 15 4 1
-55 15 6 2
8 15 7 1
-13 15 8 1
34 15 9 1
-136 15 14 5
21 15 15 1
-628 15 32 17
1 15 33 1
-8 15 34 1
1 15 35 1
-246 15 43 8
34 15 44 1
-110 15 48 4
34 15 49 1
-21 15 50 1
2 15 50 1
13 16 2 1
-238 16 11 9
1 16 12 1
-89 16 17 5
21 16 18 1
-81 16 21 3
37 16 23 2
-55 16 24 1
13 16 25 1
-21 16 26 1
34 16 27 1
-34 16 28 1
34 16 29 1
-68 16 31 2
24 16 34 3
-351 16 50 17
-241 17 12 11
6 17 14 2
-377 17 31 17
3 17 32 1
-178 17 39 7
4 17 41 2
-34 17 42 1
5 17 43 1
-21 17 44 1
13 17 45 1
-118 17 50 6
-280 18 12 11
2 18 13 1
-403 18 28 15
39 18 30 2
-123 18 34 4
8 18 35 1
-58 18 38 3
3 18 39 1
-68 18 42 3
1 18 43 1
-191 18 49 6
34 18 50 1
-34 18 50 1
-131 19 6 5
5 19 7 1
-55 19 9 2
2 19 10 1
-13 19 11 1
2 19 12 1
-513 19 29 17
5 19 30 1
-68 19 32 2
21 19 33 1
-369 19 45 12
8 19 46 1
-131 19 50 5
-157 20 6 5
21 20 7 1
-249 20 17 10
43 20 20 3
-199 20 26 6
8 20 27 1
-385 20 40 13
3 20 41 1
-118 20 46 5
2 20 47 1
-34 20 48 1
-8 20 50 1
14 20 50 2
-68 21 3 2
5 21 4 1
-162 21 10 6
13 21 11 1
-81 21 14 3
13 21 15 1
-403 21 30 15
34 21 31 1
-18 21 33 2
5 21 34 1
-202 21 41 7
34 21 42 1
-34 21 43 1
8 21 44 1
21 21 50 1
-141 21 50 6
-529 22 23 22
47 22 25 2
-212 22 31 6
13 22 32 1
-207 22 41 9
1 22 42 1
-68 22 46 4
21 22 47 1
-68 22 49 2
13 22 50 1
-13 22 50 1
-123 23 5 4
47 23 8 3
-144 23 13 5
21 23 14 1
-225 23 23 9
2 23 24 1
-322 23 33 9
2 23 34 1
-259 23 42 8
34 23 43 1
-13 23 44 1
13 23 45 1
-13 23 46 1
34 23 47 1
-42 23 49 2
1 23 50 1
-55 23 50 1
-144 24 8 7
1 24 9 1
-660 24 29 20
8 24 30 1
-437 24 45 15
39 24 47 2
34 24 50 1
-110 24 50 3
-102 25 4 3
13 25 5 1
-128 25 11 6
21 25 12 1
-280 25 23 11
8 25 24 1
-68 25 26 2
24 25 28 2
-157 25 33 5
34 25 34 1
-361 25 46 12
9 25 48 2
-68 25 50 2
8 25 50 1
-76 26 4 3
1 26 5 1
-123 26 11 6
7 26 13 2
-335 26 21 8
5 26 22 1
-136 26 28 6
34 26 29 1
-275 26 37 8
34 26 38 1
-21 26 39 1
34 26 40 1
-94 26 45 5
34 26 46 1
-55 26 47 1
1 26 48 1
-89 26 50 3
-63 27 4 3
34 27 5 1
-21 27 6 1
2 27 7 1
-178 27 12 5
5 27 13 1
-364 27 24 11
5 27 25 1
-115 27 30 5
34 27 31 1
-108 27 36 5
5 27 37 1
-26 27 39 2
3 27 40 1
-55 27 42 2
2 27 43 1
-29 27 45 2
8 27 46 1
-113 27 50 5
-42 28 3 2
34 28 4 1
-642 28 27 23
5 28 28 1
-391 28 45 17
3 28 46 1
-139 28 50 5
-246 29 8 7
8 29 9 1
-13 29 11 2
34 29 12 1
-63 29 15 3
21 29 16 1
-714 29 40 24
13 29 41 1
-267 29 50 9
3 29 50 1
-115 30 6 5
5 30 7 1
-76 30 10 3
21 30 11 1
-102 30 15 4
8 30 16 1
-55 30 17 1
13 30 18 1
-309 30 26 8
21 30 27 1
-249 30 35 8
3 30 36 1
-417 30 50 15
-343 31 13 12
1 31 14 1
-110 31 19 5
1 31 20 1
-631 31 43 23
1 31 44 1
-246 31 50 7
-55 32 2 1
34 32 3 1
-521 32 17 14
34 32 18 1
-13 32 19 1
34 32 20 1
-8 32 21 1
34 32 22 1
-34 32 23 1
13 32 25 2
-123 32 29 4
13 32 30 1
-327 32 42 12
5 32 43 1
-13 32 44 1
34 32 45 1
-228 32 50 6
5 33 2 1
-188 33 9 7
2 33 10 1
-280 33 20 10
3 33 21 1
-68 33 23 2
36 33 25 2
-314 33 33 8
8 33 34 1
-123 33 38 4
3 33 39 1
-21 33 40 1
3 33 41 1
-8 33 42 1
13 33 44 2
-29 33 46 2
21 33 47 1
-123 33 50 4
-34 34 2 1
3 34 3 1
-89 34 5 2
3 34 6 1
-123 34 10 4
34 34 12 2
-76 34 15 3
1 34 16 1
-254 34 23 7
5 34 24 1
-504 34 43 19
14 34 45 2
-55 34 47 2
8 34 48 1
-131 34 50 3
-283 35 11 10
13 35 12 1
-81 35 15 3
34 35 16 1
-296 35 25 9
8 35 26 1
-443 35 41 15
2 35 42 1
-144 35 47 5
3 35 48 1
-21 35 49 1
13 35 50 1
-21 35 50 1
-81 36 4 3
3 36 6 2
-466 36 27 21
34 36 28 1
-526 36 46 18
13 36 47 1
-136 36 50 4
-131 37 5 4
34 37 6 1
-165 37 15 9
34 37 16 1
-21 37 17 1
13 37 18 1
-5 37 19 1
1 37 20 1
-199 37 27 7
1 37 28 1
-398 37 39 11
21 37 40 1
-186 37 49 9
21 37 50 1
-5 37 50 1
-81 38 4 3
5 38 5 1
-97 38 8 3
1 38 9 1
-13 38 10 1
3 38 11 1
-225 38 18 7
1 38 19 1
-76 38 22 3
5 38 23 1
-157 38 30 7
2 38 31 1
-183 38 39 8
21 38 40 1
-212 38 46 6
8 38 47 1
-94 38 50 4
-34 39 2 1
36 39 6 4
-118 39 10 4
3 39 11 1
-102 39 16 5
8 39 17 1
-330 39 27 10
34 39 28 1
-110 39 31 3
34 39 32 1
-251 39 40 8
5 39 41 1
-340 39 50 10
-396 40 17 16
1 40 18 1
-42 40 20 2
21 40 21 1
-97 40 24 3
36 40 26 2
-76 40 28 2
3 40 29 1
-55 40 30 1
13 40 31 1
5 40 50 1
-586 40 50 19
-471 41 19 18
34 41 20 1
-110 41 23 3
5 41 24 1
-68 41 26 2
5 41 27 1
-212 41 33 6
3 41 34 1
-55 41 35 1
13 41 36 1
-168 41 42 6
13 41 43 1
-110 41 50 8
-21 42 2 1
8 42 3 1
-157 42 8 5
40 42 11 3
-128 42 17 6
34 42 18 1
-230 42 28 10
5 42 29 1
-123 42 32 3
3 42 33 1
-225 42 40 7
13 42 41 1
-123 42 44 3
8 42 45 1
-102 42 48 3
21 42 49 1
-29 42 50 2
-60 43 4 3
5 43 5 1
-299 43 16 11
2 43 17 1
-149 43 22 5
2 43 23 1
-47 43 25 2
3 43 26 1
-55 43 27 1
5 43 28 1
-68 43 30 2
21 43 31 1
-285 43 40 9
34 43 41 1
-118 43 45 4
35 43 47 2
-115 43 50 4
-157 44 6 5
21 44 7 1
-55 44 9 2
15 44 11 2
-233 44 18 7
21 44 19 1
-330 44 29 10
11 44 31 2
-68 44 34 3
3 44 35 1
-29 44 37 2
2 44 38 1
-157 44 44 6
2 44 45 1
-68 44 47 2
3 44 48 1
-89 44 50 3
-123 45 5 4
13 45 6 1
-89 45 8 2
42 45 10 2
-55 45 11 1
1 45 12 1
-170 45 19 7
21 45 20 1
-13 45 21 1
13 45 22 1
-139 45 28 6
3 45 29 1
-220 45 37 8
28 45 40 3
-343 45 50 11
-47 46 3 2
1 46 4 1
-68 46 6 2
13 46 7 1
-55 46 8 1
13 46 9 1
-68 46 11 2
5 46 12 1
-97 46 15 3
1 46 16 1
-34 46 17 1
2 46 18 1
-47 46 20 2
2 46 21 1
-68 46 23 2
13 46 24 1
-126 46 30 6
34 46 31 1
-84 46 34 3
1 46 35 1
-254 46 44 9
34 46 45 1
-136 46 50 6
-34 47 2 1
8 47 3 1
-68 47 5 2
3 47 6 1
-170 47 12 6
7 47 14 2
-228 47 22 8
2 47 24 2
-241 47 36 12
13 47 37 1
-63 47 40 3
8 47 41 1
-312 47 50 10
8 48 2 1
-191 48 7 5
8 48 8 1
-102 48 12 4
13 48 13 1
-246 48 21 8
1 48 22 1
-131 48 25 3
13 48 26 1
-136 48 30 4
21 48 31 1
-8 48 32 1
34 48 33 1
-157 48 42 9
8 48 43 1
-34 48 44 1
5 48 45 1
-121 48 50 6
-314 49 14 13
1 49 15 1
-55 49 16 1
2 49 17 1
-551 49 38 21
2 49 39 1
-293 49 48 9
2 49 49 1
-29 49 50 2
-521 50 16 15
42 50 18 2
-178 50 26 8
13 50 27 1
-207 50 34 7
1 50 35 1
-364 50 47 12
13 50 48 1
-84 50 50 3
-353 51 12 11
4 51 14 2
-68 51 16 2
3 51 17 1
-102 51 20 3
2 51 21 1
-97 51 24 3
5 51 25 1
-55 51 26 1
5 51 27 1
-421 51 41 14
3 51 42 1
-21 51 43 1
5 51 44 1
-194 51 50 7
-154 52 9 8
34 52 10 1
-76 52 13 3
3 52 14 1
-102 52 17 3
39 52 19 2
-13 52 20 1
5 52 21 1
-13 52 22 1
21 52 23 1
-157 52 29 6
13 52 30 1
-60 52 33 3
21 52 34 1
-92 52 37 3
5 52 38 1
-118 52 43 5
21 52 44 1
-144 52 48 4
5 52 49 1
-42 52 50 2
-241 53 8 7
34 53 9 1
-176 53 16 7
3 53 17 1
-13 53 18 1
2 53 19 1
-144 53 22 3
5 53 23 1
-21 53 24 1
16 53 26 2
-34 53 27 1
8 53 28 1
-55 53 29 1
1 53 30 1
-68 53 33 3
13 53 34 1
-191 53 40 6
2 53 41 1
-58 53 44 3
13 53 45 1
-168 53 50 6
-136 54 6 5
8 54 7 1
-173 54 14 7
23 54 16 2
-3 54 17 1
8 54 18 1
-351 54 31 13
5 54 32 1
-89 54 35 3
1 54 36 1
-34 54 37 1
4 54 39 2
-21 54 40 1
1 54 41 1
3 54 50 1
-293 54 50 9
-102 55 4 3
8 55 5 1
-105 55 9 4
1 55 10 1
-21 55 12 2
10 55 14 2
-34 55 15 1
68 55 17 2
-233 55 24 7
2 55 25 1
-395 55 36 11
2 55 37 1
-92 55 40 3
3 55 41 1
-89 55 43 2
5 55 44 1
-168 55 50 7
-144 56 6 5
13 56 7 1
-291 56 18 11
2 56 20 2
-372 56 34 14
3 56 35 1
-202 56 42 7
47 56 45 3
-157 56 50 6
-262 57 10 9
1 57 11 1
-21 57 12 1
13 57 13 1
-173 57 18 5
1 57 19 1
-367 57 31 12
3 57 32 1
-469 57 49 17
-13 57 50 1
13 57 50 1
-89 58 3 2
2 58 4 1
-199 58 10 6
21 58 11 1
-110 58 14 3
5 58 15 1
-123 58 20 5
34 58 22 2
-76 58 24 2
5 58 25 1
-34 58 26 1
3 58 27 1
-74 58 31 4
34 58 32 1
-3 58 33 1
8 58 34 1
-484 58 50 16
13 58 50 1
-55 59 2 1
1 59 3 1
-13 59 4 1
8 59 5 1
-21 59 6 1
42 59 8 2
-309 59 17 9
2 59 18 1
-102 59 21 3
8 59 22 1
-207 59 31 9
24 59 33 2
-521 59 49 16
8 59 50 1
-13 59 50 1
-351 60 11 10
1 60 12 1
-55 60 13 1
21 60 14 1
-115 60 19 5
3 60 20 1
-178 60 25 5
2 60 26 1
-89 60 29 3
3 60 30 1
-157 60 36 6
2 60 37 1
-231 60 47 10
1 60 48 1
-34 60 49 1
5 60 50 2

Elem: -110
Sum: 0 0
Sumiau: 110 5
Here: 2 2 112 7
Elem: -157
Sum: 2 2
Sumiau: 159 6
Here: 1 1 160 7
Elem: -526
Sum: 1 1
Sumiau: 527 18
Here: 8 1 535 19
Elem: -398
Sum: 8 1
Sumiau: 406 17
Here: 1 1 407 18
Elem: -102
Sum: 1 1
Sumiau: 103 4
Sumiau: 366 17
Here: 13 1 379 18
Elem: -370
Sum: 13 1
Sumiau: 383 12
Here: 34 2 417 14
Elem: -34
Sum: 34 2
Sumiau: 68 3
Here: 5 1 73 4
Elem: -55
Sum: 5 1
Sumiau: 60 2
Here: 34 1 94 3
Elem: -372
Sum: 34 1
Sumiau: 406 13
Here: 13 1 419 14
Elem: -118
Sum: 13 1
Sumiau: 131 5
Sumiau: 186 6
Here: 2 1 188 7
Elem: -45
Sum: 2 1
Sumiau: 47 4
Here: 24 2 71 6
Elem: -233
Sum: 24 2
Sumiau: 257 9
Here: 16 2 273 11
Elem: -380
Sum: 16 2
Sumiau: 396 17
Here: 8 1 404 18
Elem: -81
Sum: 8 1
Sumiau: 89 4
Here: 8 1 97 5
Elem: -280
Sum: 8 1
Sumiau: 288 10
Here: 7 2 295 12
Elem: -131
Sum: 7 2
Sumiau: 138 7
Sumiau: 146 8
Here: 3 2 149 10
Elem: -81
Sum: 3 2
Sumiau: 84 5
Here: 2 1 86 6
Elem: -42
Sum: 2 1
Sumiau: 44 3
Here: 34 1 78 4
Elem: -110
Sum: 34 1
Sumiau: 144 5
Here: 23 2 167 7
Elem: -144
Sum: 23 2
Sumiau: 167 8
Here: 13 2 180 10
Elem: -385
Sum: 13 2
Sumiau: 398 15
Here: 11 3 409 18
Elem: -34
Sum: 11 3
Sumiau: 45 4
Here: 34 1 79 5
Elem: -157
Sum: 34 1
Sumiau: 191 5
Here: 16 4 207 9
Elem: -167
Sum: 16 4
Sumiau: 183 11
Here: 8 1 191 12
Elem: -34
Sum: 8 1
Sumiau: 42 2
Here: 34 1 76 3
Elem: -34
Sum: 34 1
Sumiau: 68 2
Here: 2 1 70 3
Elem: -186
Sum: 2 1
Sumiau: 188 6
Here: 1 1 189 7
Elem: -34
Sum: 1 1
Sumiau: 35 2
Here: 3 1 38 3
Elem: -173
Sum: 3 1
Sumiau: 176 7
Here: 1 1 177 8
Elem: -511
Sum: 1 1
Sumiau: 512 19
Here: 34 2 546 21
Elem: -89
Sum: 34 2
Sumiau: 123 5
Sumiau: 243 11
Here: 3 1 246 12
Elem: -60
Sum: 3 1
Sumiau: 63 4
Here: 1 1 64 5
Elem: -13
Sum: 1 1
Sumiau: 14 2
Here: 2 1 16 3
Elem: -186
Sum: 2 1
Sumiau: 188 9
Here: 34 1 222 10
Elem: -230
Sum: 34 1
Sumiau: 264 9
Here: 5 1 269 10
Elem: -102
Sum: 5 1
Sumiau: 107 6
Here: 34 1 141 7
Elem: -173
Sum: 34 1
Sumiau: 207 8
Here: 34 1 241 9
Elem: -21
Sum: 34 1
Sumiau: 55 2
Here: 21 1 76 3
Elem: -55
Sum: 21 1
Sumiau: 76 4
Sumiau: 199 7
Here: 13 2 212 9
Elem: -474
Sum: 13 2
Sumiau: 487 18
Here: 2 1 489 19
Elem: -199
Sum: 2 1
Sumiau: 201 8
Here: 5 1 206 9
Elem: -257
Sum: 5 1
Sumiau: 262 11
Here: 3 1 265 12
Elem: -207
Sum: 3 1
Sumiau: 210 10
Sumiau: 320 14
Here: 20 4 340 18
Elem: -191
Sum: 20 4
Sumiau: 211 10
Here: 1 1 212 11
Elem: -81
Sum: 1 1
Sumiau: 82 4
Here: 13 1 95 5
Elem: -385
Sum: 13 1
Sumiau: 398 14
Here: 34 1 432 15
Elem: -204
Sum: 34 1
Sumiau: 238 7
Here: 21 1 259 8
Elem: -102
Sum: 21 1
Sumiau: 123 4
Here: 13 1 136 5
Elem: -202
Sum: 13 1
Sumiau: 215 7
Sumiau: 320 12
Here: 2 1 322 13
Elem: -1008
Sum: 2 1
Sumiau: 1010 32
Here: 21 1 1031 33
Elem: -13
Sum: 21 1
Sumiau: 34 2
Here: 39 2 73 4
Elem: -89
Sum: 39 2
Sumiau: 128 5
Here: 8 1 136 6
Elem: -89
Sum: 8 1
Sumiau: 97 4
Sumiau: 131 5
Here: 8 1 139 6
Elem: 8
Here: 16 2 147 7
Elem: -105
Sum: 16 2
Sumiau: 121 7
Here: 5 1 126 8
Elem: -105
Sum: 5 1
Sumiau: 110 7
Here: 34 1 144 8
Elem: -157
Sum: 34 1
Sumiau: 191 8
Here: 16 2 207 10
Elem: -115
Sum: 16 2
Sumiau: 131 7
Here: 1 1 132 8
Elem: -662
Sum: 1 1
Sumiau: 663 21
Here: 5 1 668 22
Elem: -280
Sum: 5 1
Sumiau: 285 8
Here: 5 1 290 9
Elem: -170
Sum: 5 1
Sumiau: 175 6
Here: 3 1 178 7
Elem: -21
Sum: 3 1
Sumiau: 24 2
Here: 3 1 27 3
Elem: -131
Sum: 3 1
Sumiau: 134 6
Here: 5 1 139 7
Elem: -165
Sum: 5 1
Sumiau: 170 7
Here: 21 1 191 8
Elem: -136
Sum: 21 1
Sumiau: 157 7
Here: 1 1 158 8
Elem: -97
Sum: 1 1
Sumiau: 98 5
Here: 3 1 101 6
Elem: -89
Sum: 3 1
Sumiau: 92 4
Here: 29 2 121 6
Elem: -71
Sum: 29 2
Sumiau: 100 6
Sumiau: 283 13
Here: 39 2 322 15
Elem: -155
Sum: 39 2
Sumiau: 194 8
Here: 21 1 215 9
Elem: -228
Sum: 21 1
Sumiau: 249 10
Here: 3 1 252 11
Elem: -296
Sum: 3 1
Sumiau: 299 11
Here: 2 1 301 12
Elem: -105
Sum: 2 1
Sumiau: 107 6
Here: 8 1 115 7
Elem: -34
Sum: 8 1
Sumiau: 42 2
Here: 1 1 43 3
Elem: -110
Sum: 1 1
Sumiau: 111 6
Sumiau: 266 12
Here: 5 2 271 14
Elem: -157
Sum: 5 2
Sumiau: 162 6
Here: 34 1 196 7
Elem: -34
Sum: 34 1
Sumiau: 68 2
Here: 13 1 81 3
Elem: -131
Sum: 13 1
Sumiau: 144 4
Here: 3 1 147 5
Elem: -377
Sum: 3 1
Sumiau: 380 15
Here: 1 1 381 16
Elem: -144
Sum: 1 1
Sumiau: 145 6
Here: 13 1 158 7
Elem: -68
Sum: 13 1
Sumiau: 81 3
Here: 21 1 102 4
Elem: -288
Sum: 21 1
Sumiau: 309 8
Sumiau: 458 14
Here: 3 1 461 15
Elem: -102
Sum: 3 1
Sumiau: 105 6
Here: 34 2 139 8
Elem: -55
Sum: 34 2
Sumiau: 89 5
Here: 2 1 91 6
Elem: -76
Sum: 2 1
Sumiau: 78 4
Here: 21 1 99 5
Elem: -34
Sum: 21 1
Sumiau: 55 2
Here: 13 1 68 3
Elem: -144
Sum: 13 1
Sumiau: 157 6
Here: 13 1 170 7
Elem: -118
Sum: 13 1
Sumiau: 131 7
Here: 8 1 139 8
Elem: -21
Sum: 8 1
Sumiau: 29 2
Here: 3 1 32 3
Elem: -356
Sum: 3 1
Sumiau: 359 12
Sumiau: 427 14
Here: 2 1 429 15
Elem: -55
Sum: 2 1
Sumiau: 57 3
Here: 8 1 65 4
Elem: -13
Sum: 8 1
Sumiau: 21 2
Here: 34 1 55 3
Elem: -136
Sum: 34 1
Sumiau: 170 6
Here: 21 1 191 7
Elem: -628
Sum: 21 1
Sumiau: 649 18
Here: 1 1 650 19
Elem: -8
Sum: 1 1
Sumiau: 9 2
Here: 1 1 10 3
Elem: -246
Sum: 1 1
Sumiau: 247 9
Here: 34 1 281 10
Elem: -110
Sum: 34 1
Sumiau: 144 5
Here: 34 1 178 6
Elem: -21
Sum: 34 1
Sumiau: 55 2
Here: 2 1 57 3
Elem: 13
Here: 15 2 70 4
Elem: -238
Sum: 15 2
Sumiau: 253 11
Here: 1 1 254 12
Elem: -89
Sum: 1 1
Sumiau: 90 6
Here: 21 1 111 7
Elem: -81
Sum: 21 1
Sumiau: 102 4
Here: 37 2 139 6
Elem: -55
Sum: 37 2
Sumiau: 92 3
Here: 13 1 105 4
Elem: -21
Sum: 13 1
Sumiau: 34 2
Here: 34 1 68 3
Elem: -34
Sum: 34 1
Sumiau: 68 2
Here: 34 1 102 3
Elem: -68
Sum: 34 1
Sumiau: 102 3
Here: 24 3 126 6
Elem: -351
Sum: 24 3
Sumiau: 375 20
Sumiau: 616 31
Here: 6 2 622 33
Elem: -377
Sum: 6 2
Sumiau: 383 19
Here: 3 1 386 20
Elem: -178
Sum: 3 1
Sumiau: 181 8
Here: 4 2 185 10
Elem: -34
Sum: 4 2
Sumiau: 38 3
Here: 5 1 43 4
Elem: -21
Sum: 5 1
Sumiau: 26 2
Here: 13 1 39 3
Elem: -118
Sum: 13 1
Sumiau: 131 7
Sumiau: 411 18
Here: 2 1 413 19
Elem: -403
Sum: 2 1
Sumiau: 405 16
Here: 39 2 444 18
Elem: -123
Sum: 39 2
Sumiau: 162 6
Here: 8 1 170 7
Elem: -58
Sum: 8 1
Sumiau: 66 4
Here: 3 1 69 5
Elem: -68
Sum: 3 1
Sumiau: 71 4
Here: 1 1 72 5
Elem: -191
Sum: 1 1
Sumiau: 192 7
Here: 34 1 226 8
Elem: -34
Sum: 34 1
Sumiau: 68 2
Sumiau: 199 7
Here: 5 1 204 8
Elem: -55
Sum: 5 1
Sumiau: 60 3
Here: 2 1 62 4
Elem: -13
Sum: 2 1
Sumiau: 15 2
Here: 2 1 17 3
Elem: -513
Sum: 2 1
Sumiau: 515 18
Here: 5 1 520 19
Elem: -68
Sum: 5 1
Sumiau: 73 3
Here: 21 1 94 4
Elem: -369
Sum: 21 1
Sumiau: 390 13
Here: 8 1 398 14
Elem: -131
Sum: 8 1
Sumiau: 139 6
Sumiau: 296 11
Here: 21 1 317 12
Elem: -249
Sum: 21 1
Sumiau: 270 11
Here: 43 3 313 14
Elem: -199
Sum: 43 3
Sumiau: 242 9
Here: 8 1 250 10
Elem: -385
Sum: 8 1
Sumiau: 393 14
Here: 3 1 396 15
Elem: -118
Sum: 3 1
Sumiau: 121 6
Here: 2 1 123 7
Elem: -34
Sum: 2 1
Sumiau: 36 2
Sumiau: 44 3
Here: 14 2 58 5
Elem: -68
Sum: 14 2
Sumiau: 82 4
Here: 5 1 87 5
Elem: -162
Sum: 5 1
Sumiau: 167 7
Here: 13 1 180 8
Elem: -81
Sum: 13 1
Sumiau: 94 4
Here: 13 1 107 5
Elem: -403
Sum: 13 1
Sumiau: 416 16
Here: 34 1 450 17
Elem: -18
Sum: 34 1
Sumiau: 52 3
Here: 5 1 57 4
Elem: -202
Sum: 5 1
Sumiau: 207 8
Here: 34 1 241 9
Elem: -34
Sum: 34 1
Sumiau: 68 2
Here: 8 1 76 3
Elem: 21
Here: 29 2 97 4
Elem: -141
Sum: 29 2
Sumiau: 170 8
Sumiau: 699 30
Here: 47 2 746 32
Elem: -212
Sum: 47 2
Sumiau: 259 8
Here: 13 1 272 9
Elem: -207
Sum: 13 1
Sumiau: 220 10
Here: 1 1 221 11
Elem: -68
Sum: 1 1
Sumiau: 69 5
Here: 21 1 90 6
Elem: -68
Sum: 21 1
Sumiau: 89 3
Here: 13 1 102 4
Elem: -13
Sum: 13 1
Sumiau: 26 2
Sumiau: 149 6
Here: 47 3 196 9
Elem: -144
Sum: 47 3
Sumiau: 191 8
Here: 21 1 212 9
Elem: -225
Sum: 21 1
Sumiau: 246 10
Here: 2 1 248 11
Elem: -322
Sum: 2 1
Sumiau: 324 10
Here: 2 1 326 11
Elem: -259
Sum: 2 1
Sumiau: 261 9
Here: 34 1 295 10
Elem: -13
Sum: 34 1
Sumiau: 47 2
Here: 13 1 60 3
Elem: -13
Sum: 13 1
Sumiau: 26 2
Here: 34 1 60 3
Elem: -42
Sum: 34 1
Sumiau: 76 3
Here: 1 1 77 4
Elem: -55
Sum: 1 1
Sumiau: 56 2
Sumiau: 200 9
Here: 1 1 201 10
Elem: -660
Sum: 1 1
Sumiau: 661 21
Here: 8 1 669 22
Elem: -437
Sum: 8 1
Sumiau: 445 16
Here: 39 2 484 18
Elem: 34
Here: 73 3 518 19
Elem: -110
Sum: 73 3
Sumiau: 183 6
Sumiau: 285 9
Here: 13 1 298 10
Elem: -128
Sum: 13 1
Sumiau: 141 7
Here: 21 1 162 8
Elem: -280
Sum: 21 1
Sumiau: 301 12
Here: 8 1 309 13
Elem: -68
Sum: 8 1
Sumiau: 76 3
Here: 24 2 100 5
Elem: -157
Sum: 24 2
Sumiau: 181 7
Here: 34 1 215 8
Elem: -361
Sum: 34 1
Sumiau: 395 13
Here: 9 2 404 15
Elem: -68
Sum: 9 2
Sumiau: 77 4
Here: 8 1 85 5
Elem: -76
Sum: 8 1
Sumiau: 84 4
Here: 1 1 85 5
Elem: -123
Sum: 1 1
Sumiau: 124 7
Here: 7 2 131 9
Elem: -335
Sum: 7 2
Sumiau: 342 10
Here: 5 1 347 11
Elem: -136
Sum: 5 1
Sumiau: 141 7
Here: 34 1 175 8
Elem: -275
Sum: 34 1
Sumiau: 309 9
Here: 34 1 343 10
Elem: -21
Sum: 34 1
Sumiau: 55 2
Here: 34 1 89 3
Elem: -94
Sum: 34 1
Sumiau: 128 6
Here: 34 1 162 7
Elem: -55
Sum: 34 1
Sumiau: 89 2
Here: 1 1 90 3
Elem: -89
Sum: 1 1
Sumiau: 90 4
Sumiau: 153 7
Here: 34 1 187 8
Elem: -21
Sum: 34 1
Sumiau: 55 2
Here: 2 1 57 3
Elem: -178
Sum: 2 1
Sumiau: 180 6
Here: 5 1 185 7
Elem: -364
Sum: 5 1
Sumiau: 369 12
Here: 5 1 374 13
Elem: -115
Sum: 5 1
Sumiau: 120 6
Here: 34 1 154 7
Elem: -108
Sum: 34 1
Sumiau: 142 6
Here: 5 1 147 7
Elem: -26
Sum: 5 1
Sumiau: 31 3
Here: 3 1 34 4
Elem: -55
Sum: 3 1
Sumiau: 58 3
Here: 2 1 60 4
Elem: -29
Sum: 2 1
Sumiau: 31 3
Here: 8 1 39 4
Elem: -113
Sum: 8 1
Sumiau: 121 6
Sumiau: 163 8
Here: 34 1 197 9
Elem: -642
Sum: 34 1
Sumiau: 676 24
Here: 5 1 681 25
Elem: -391
Sum: 5 1
Sumiau: 396 18
Here: 3 1 399 19
Elem: -139
Sum: 3 1
Sumiau: 142 6
Sumiau: 388 13
Here: 8 1 396 14
Elem: -13
Sum: 8 1
Sumiau: 21 3
Here: 34 1 55 4
Elem: -63
Sum: 34 1
Sumiau: 97 4
Here: 21 1 118 5
Elem: -714
Sum: 21 1
Sumiau: 735 25
Here: 13 1 748 26
Elem: -267
Sum: 13 1
Sumiau: 280 10
Here: 3 1 283 11
Elem: -115
Sum: 3 1
Sumiau: 118 6
Here: 5 1 123 7
Elem: -76
Sum: 5 1
Sumiau: 81 4
Here: 21 1 102 5
Elem: -102
Sum: 21 1
Sumiau: 123 5
Here: 8 1 131 6
Elem: -55
Sum: 8 1
Sumiau: 63 2
Here: 13 1 76 3
Elem: -309
Sum: 13 1
Sumiau: 322 9
Here: 21 1 343 10
Elem: -249
Sum: 21 1
Sumiau: 270 9
Here: 3 1 273 10
Elem: -417
Sum: 3 1
Sumiau: 420 16
Sumiau: 763 28
Here: 1 1 764 29
Elem: -110
Sum: 1 1
Sumiau: 111 6
Here: 1 1 112 7
Elem: -631
Sum: 1 1
Sumiau: 632 24
Here: 1 1 633 25
Elem: -246
Sum: 1 1
Sumiau: 247 8
Sumiau: 302 9
Here: 34 1 336 10
Elem: -521
Sum: 34 1
Sumiau: 555 15
Here: 34 1 589 16
Elem: -13
Sum: 34 1
Sumiau: 47 2
Here: 34 1 81 3
Elem: -8
Sum: 34 1
Sumiau: 42 2
Here: 34 1 76 3
Elem: -34
Sum: 34 1
Sumiau: 68 2
Here: 13 2 81 4
Elem: -123
Sum: 13 2
Sumiau: 136 6
Here: 13 1 149 7
Elem: -327
Sum: 13 1
Sumiau: 340 13
Here: 5 1 345 14
Elem: -13
Sum: 5 1
Sumiau: 18 2
Here: 34 1 52 3
Elem: -228
Sum: 34 1
Sumiau: 262 7
Here: 5 1 267 8
Elem: -188
Sum: 5 1
Sumiau: 193 8
Here: 2 1 195 9
Elem: -280
Sum: 2 1
Sumiau: 282 11
Here: 3 1 285 12
Elem: -68
Sum: 3 1
Sumiau: 71 3
Here: 36 2 107 5
Elem: -314
Sum: 36 2
Sumiau: 350 10
Here: 8 1 358 11
Elem: -123
Sum: 8 1
Sumiau: 131 5
Here: 3 1 134 6
Elem: -21
Sum: 3 1
Sumiau: 24 2
Here: 3 1 27 3
Elem: -8
Sum: 3 1
Sumiau: 11 2
Here: 13 2 24 4
Elem: -29
Sum: 13 2
Sumiau: 42 4
Here: 21 1 63 5
Elem: -123
Sum: 21 1
Sumiau: 144 5
Sumiau: 178 6
Here: 3 1 181 7
Elem: -89
Sum: 3 1
Sumiau: 92 3
Here: 3 1 95 4
Elem: -123
Sum: 3 1
Sumiau: 126 5
Here: 34 2 160 7
Elem: -76
Sum: 34 2
Sumiau: 110 5
Here: 1 1 111 6
Elem: -254
Sum: 1 1
Sumiau: 255 8
Here: 5 1 260 9
Elem: -504
Sum: 5 1
Sumiau: 509 20
Here: 14 2 523 22
Elem: -55
Sum: 14 2
Sumiau: 69 4
Here: 8 1 77 5
Elem: -131
Sum: 8 1
Sumiau: 139 4
Sumiau: 422 14
Here: 13 1 435 15
Elem: -81
Sum: 13 1
Sumiau: 94 4
Here: 34 1 128 5
Elem: -296
Sum: 34 1
Sumiau: 330 10
Here: 8 1 338 11
Elem: -443
Sum: 8 1
Sumiau: 451 16
Here: 2 1 453 17
Elem: -144
Sum: 2 1
Sumiau: 146 6
Here: 3 1 149 7
Elem: -21
Sum: 3 1
Sumiau: 24 2
Here: 13 1 37 3
Elem: -21
Sum: 13 1
Sumiau: 34 2
Sumiau: 115 5
Here: 3 2 118 7
Elem: -466
Sum: 3 2
Sumiau: 469 23
Here: 34 1 503 24
Elem: -526
Sum: 34 1
Sumiau: 560 19
Here: 13 1 573 20
Elem: -136
Sum: 13 1
Sumiau: 149 5
Sumiau: 280 9
Here: 34 1 314 10
Elem: -165
Sum: 34 1
Sumiau: 199 10
Here: 34 1 233 11
Elem: -21
Sum: 34 1
Sumiau: 55 2
Here: 13 1 68 3
Elem: -5
Sum: 13 1
Sumiau: 18 2
Here: 1 1 19 3
Elem: -199
Sum: 1 1
Sumiau: 200 8
Here: 1 1 201 9
Elem: -398
Sum: 1 1
Sumiau: 399 12
Here: 21 1 420 13
Elem: -186
Sum: 21 1
Sumiau: 207 10
Here: 21 1 228 11
Elem: -5
Sum: 21 1
Sumiau: 26 2
Sumiau: 107 5
Here: 5 1 112 6
Elem: -97
Sum: 5 1
Sumiau: 102 4
Here: 1 1 103 5
Elem: -13
Sum: 1 1
Sumiau: 14 2
Here: 3 1 17 3
Elem: -225
Sum: 3 1
Sumiau: 228 8
Here: 1 1 229 9
Elem: -76
Sum: 1 1
Sumiau: 77 4
Here: 5 1 82 5
Elem: -157
Sum: 5 1
Sumiau: 162 8
Here: 2 1 164 9
Elem: -183
Sum: 2 1
Sumiau: 185 9
Here: 21 1 206 10
Elem: -212
Sum: 21 1
Sumiau: 233 7
Here: 8 1 241 8
Elem: -94
Sum: 8 1
Sumiau: 102 5
Sumiau: 136 6
Here: 36 4 172 10
Elem: -118
Sum: 36 4
Sumiau: 154 8
Here: 3 1 157 9
Elem: -102
Sum: 3 1
Sumiau: 105 6
Here: 8 1 113 7
Elem: -330
Sum: 8 1
Sumiau: 338 11
Here: 34 1 372 12
Elem: -110
Sum: 34 1
Sumiau: 144 4
Here: 34 1 178 5
Elem: -251
Sum: 34 1
Sumiau: 285 9
Here: 5 1 290 10
Elem: -340
Sum: 5 1
Sumiau: 345 11
Sumiau: 741 27
Here: 1 1 742 28
Elem: -42
Sum: 1 1
Sumiau: 43 3
Here: 21 1 64 4
Elem: -97
Sum: 21 1
Sumiau: 118 4
Here: 36 2 154 6
Elem: -76
Sum: 36 2
Sumiau: 112 4
Here: 3 1 115 5
Elem: -55
Sum: 3 1
Sumiau: 58 2
Here: 13 1 71 3
Elem: 5
Here: 18 2 76 4
Elem: -586
Sum: 18 2
Sumiau: 604 21
Sumiau: 1075 39
Here: 34 1 1109 40
Elem: -110
Sum: 34 1
Sumiau: 144 4
Here: 5 1 149 5
Elem: -68
Sum: 5 1
Sumiau: 73 3
Here: 5 1 78 4
Elem: -212
Sum: 5 1
Sumiau: 217 7
Here: 3 1 220 8
Elem: -55
Sum: 3 1
Sumiau: 58 2
Here: 13 1 71 3
Elem: -168
Sum: 13 1
Sumiau: 181 7
Here: 13 1 194 8
Elem: -110
Sum: 13 1
Sumiau: 123 9
Sumiau: 144 10
Here: 8 1 152 11
Elem: -157
Sum: 8 1
Sumiau: 165 6
Here: 40 3 205 9
Elem: -128
Sum: 40 3
Sumiau: 168 9
Here: 34 1 202 10
Elem: -230
Sum: 34 1
Sumiau: 264 11
Here: 5 1 269 12
Elem: -123
Sum: 5 1
Sumiau: 128 4
Here: 3 1 131 5
Elem: -225
Sum: 3 1
Sumiau: 228 8
Here: 13 1 241 9
Elem: -123
Sum: 13 1
Sumiau: 136 4
Here: 8 1 144 5
Elem: -102
Sum: 8 1
Sumiau: 110 4
Here: 21 1 131 5
Elem: -29
Sum: 21 1
Sumiau: 50 3
Sumiau: 110 6
Here: 5 1 115 7
Elem: -299
Sum: 5 1
Sumiau: 304 12
Here: 2 1 306 13
Elem: -149
Sum: 2 1
Sumiau: 151 6
Here: 2 1 153 7
Elem: -47
Sum: 2 1
Sumiau: 49 3
Here: 3 1 52 4
Elem: -55
Sum: 3 1
Sumiau: 58 2
Here: 5 1 63 3
Elem: -68
Sum: 5 1
Sumiau: 73 3
Here: 21 1 94 4
Elem: -285
Sum: 21 1
Sumiau: 306 10
Here: 34 1 340 11
Elem: -118
Sum: 34 1
Sumiau: 152 5
Here: 35 2 187 7
Elem: -115
Sum: 35 2
Sumiau: 150 6
Sumiau: 307 11
Here: 21 1 328 12
Elem: -55
Sum: 21 1
Sumiau: 76 3
Here: 15 2 91 5
Elem: -233
Sum: 15 2
Sumiau: 248 9
Here: 21 1 269 10
Elem: -330
Sum: 21 1
Sumiau: 351 11
Here: 11 2 362 13
Elem: -68
Sum: 11 2
Sumiau: 79 5
Here: 3 1 82 6
Elem: -29
Sum: 3 1
Sumiau: 32 3
Here: 2 1 34 4
Elem: -157
Sum: 2 1
Sumiau: 159 7
Here: 2 1 161 8
Elem: -68
Sum: 2 1
Sumiau: 70 3
Here: 3 1 73 4
Elem: -89
Sum: 3 1
Sumiau: 92 4
Sumiau: 215 8
Here: 13 1 228 9
Elem: -89
Sum: 13 1
Sumiau: 102 3
Here: 42 2 144 5
Elem: -55
Sum: 42 2
Sumiau: 97 3
Here: 1 1 98 4
Elem: -170
Sum: 1 1
Sumiau: 171 8
Here: 21 1 192 9
Elem: -13
Sum: 21 1
Sumiau: 34 2
Here: 13 1 47 3
Elem: -139
Sum: 13 1
Sumiau: 152 7
Here: 3 1 155 8
Elem: -220
Sum: 3 1
Sumiau: 223 9
Here: 28 3 251 12
Elem: -343
Sum: 28 3
Sumiau: 371 14
Sumiau: 418 16
Here: 1 1 419 17
Elem: -68
Sum: 1 1
Sumiau: 69 3
Here: 13 1 82 4
Elem: -55
Sum: 13 1
Sumiau: 68 2
Here: 13 1 81 3
Elem: -68
Sum: 13 1
Sumiau: 81 3
Here: 5 1 86 4
Elem: -97
Sum: 5 1
Sumiau: 102 4
Here: 1 1 103 5
Elem: -34
Sum: 1 1
Sumiau: 35 2
Here: 2 1 37 3
Elem: -47
Sum: 2 1
Sumiau: 49 3
Here: 2 1 51 4
Elem: -68
Sum: 2 1
Sumiau: 70 3
Here: 13 1 83 4
Elem: -126
Sum: 13 1
Sumiau: 139 7
Here: 34 1 173 8
Elem: -84
Sum: 34 1
Sumiau: 118 4
Here: 1 1 119 5
Elem: -254
Sum: 1 1
Sumiau: 255 10
Here: 34 1 289 11
Elem: -136
Sum: 34 1
Sumiau: 170 7
Sumiau: 204 8
Here: 8 1 212 9
Elem: -68
Sum: 8 1
Sumiau: 76 3
Here: 3 1 79 4
Elem: -170
Sum: 3 1
Sumiau: 173 7
Here: 7 2 180 9
Elem: -228
Sum: 7 2
Sumiau: 235 10
Here: 2 2 237 12
Elem: -241
Sum: 2 2
Sumiau: 243 14
Here: 13 1 256 15
Elem: -63
Sum: 13 1
Sumiau: 76 4
Here: 8 1 84 5
Elem: -312
Sum: 8 1
Sumiau: 320 11
Here: 8 1 328 12
Elem: -191
Sum: 8 1
Sumiau: 199 6
Here: 8 1 207 7
Elem: -102
Sum: 8 1
Sumiau: 110 5
Here: 13 1 123 6
Elem: -246
Sum: 13 1
Sumiau: 259 9
Here: 1 1 260 10
Elem: -131
Sum: 1 1
Sumiau: 132 4
Here: 13 1 145 5
Elem: -136
Sum: 13 1
Sumiau: 149 5
Here: 21 1 170 6
Elem: -8
Sum: 21 1
Sumiau: 29 2
Here: 34 1 63 3
Elem: -157
Sum: 34 1
Sumiau: 191 10
Here: 8 1 199 11
Elem: -34
Sum: 8 1
Sumiau: 42 2
Here: 5 1 47 3
Elem: -121
Sum: 5 1
Sumiau: 126 7
Sumiau: 440 20
Here: 1 1 441 21
Elem: -55
Sum: 1 1
Sumiau: 56 2
Here: 2 1 58 3
Elem: -551
Sum: 2 1
Sumiau: 553 22
Here: 2 1 555 23
Elem: -293
Sum: 2 1
Sumiau: 295 10
Here: 2 1 297 11
Elem: -29
Sum: 2 1
Sumiau: 31 3
Sumiau: 552 18
Here: 42 2 594 20
Elem: -178
Sum: 42 2
Sumiau: 220 10
Here: 13 1 233 11
Elem: -207
Sum: 13 1
Sumiau: 220 8
Here: 1 1 221 9
Elem: -364
Sum: 1 1
Sumiau: 365 13
Here: 13 1 378 14
Elem: -84
Sum: 13 1
Sumiau: 97 4
Sumiau: 450 15
Here: 4 2 454 17
Elem: -68
Sum: 4 2
Sumiau: 72 4
Here: 3 1 75 5
Elem: -102
Sum: 3 1
Sumiau: 105 4
Here: 2 1 107 5
Elem: -97
Sum: 2 1
Sumiau: 99 4
Here: 5 1 104 5
Elem: -55
Sum: 5 1
Sumiau: 60 2
Here: 5 1 65 3
Elem: -421
Sum: 5 1
Sumiau: 426 15
Here: 3 1 429 16
Elem: -21
Sum: 3 1
Sumiau: 24 2
Here: 5 1 29 3
Elem: -194
Sum: 5 1
Sumiau: 199 8
Sumiau: 353 16
Here: 34 1 387 17
Elem: -76
Sum: 34 1
Sumiau: 110 4
Here: 3 1 113 5
Elem: -102
Sum: 3 1
Sumiau: 105 4
Here: 39 2 144 6
Elem: -13
Sum: 39 2
Sumiau: 52 3
Here: 5 1 57 4
Elem: -13
Sum: 5 1
Sumiau: 18 2
Here: 21 1 39 3
Elem: -157
Sum: 21 1
Sumiau: 178 7
Here: 13 1 191 8
Elem: -60
Sum: 13 1
Sumiau: 73 4
Here: 21 1 94 5
Elem: -92
Sum: 21 1
Sumiau: 113 4
Here: 5 1 118 5
Elem: -118
Sum: 5 1
Sumiau: 123 6
Here: 21 1 144 7
Elem: -144
Sum: 21 1
Sumiau: 165 5
Here: 5 1 170 6
Elem: -42
Sum: 5 1
Sumiau: 47 3
Sumiau: 288 10
Here: 34 1 322 11
Elem: -176
Sum: 34 1
Sumiau: 210 8
Here: 3 1 213 9
Elem: -13
Sum: 3 1
Sumiau: 16 2
Here: 2 1 18 3
Elem: -144
Sum: 2 1
Sumiau: 146 4
Here: 5 1 151 5
Elem: -21
Sum: 5 1
Sumiau: 26 2
Here: 16 2 42 4
Elem: -34
Sum: 16 2
Sumiau: 50 3
Here: 8 1 58 4
Elem: -55
Sum: 8 1
Sumiau: 63 2
Here: 1 1 64 3
Elem: -68
Sum: 1 1
Sumiau: 69 4
Here: 13 1 82 5
Elem: -191
Sum: 13 1
Sumiau: 204 7
Here: 2 1 206 8
Elem: -58
Sum: 2 1
Sumiau: 60 4
Here: 13 1 73 5
Elem: -168
Sum: 13 1
Sumiau: 181 7
Sumiau: 317 12
Here: 8 1 325 13
Elem: -173
Sum: 8 1
Sumiau: 181 8
Here: 23 2 204 10
Elem: -3
Sum: 23 2
Sumiau: 26 3
Here: 8 1 34 4
Elem: -351
Sum: 8 1
Sumiau: 359 14
Here: 5 1 364 15
Elem: -89
Sum: 5 1
Sumiau: 94 4
Here: 1 1 95 5
Elem: -34
Sum: 1 1
Sumiau: 35 2
Here: 4 2 39 4
Elem: -21
Sum: 4 2
Sumiau: 25 3
Here: 1 1 26 4
Elem: 3
Here: 4 2 29 5
Elem: -293
Sum: 4 2
Sumiau: 297 11
Sumiau: 399 14
Here: 8 1 407 15
Elem: -105
Sum: 8 1
Sumiau: 113 5
Here: 1 1 114 6
Elem: -21
Sum: 1 1
Sumiau: 22 3
Here: 10 2 32 5
Elem: -34
Sum: 10 2
Sumiau: 44 3
Here: 68 2 112 5
Elem: -233
Sum: 68 2
Sumiau: 301 9
Here: 2 1 303 10
Elem: -395
Sum: 2 1
Sumiau: 397 12
Here: 2 1 399 13
Elem: -92
Sum: 2 1
Sumiau: 94 4
Here: 3 1 97 5
Elem: -89
Sum: 3 1
Sumiau: 92 3
Here: 5 1 97 4
Elem: -168
Sum: 5 1
Sumiau: 173 8
Sumiau: 317 13
Here: 13 1 330 14
Elem: -291
Sum: 13 1
Sumiau: 304 12
Here: 2 2 306 14
Elem: -372
Sum: 2 2
Sumiau: 374 16
Here: 3 1 377 17
Elem: -202
Sum: 3 1
Sumiau: 205 8
Here: 47 3 252 11
Elem: -157
Sum: 47 3
Sumiau: 204 9
Sumiau: 466 18
Here: 1 1 467 19
Elem: -21
Sum: 1 1
Sumiau: 22 2
Here: 13 1 35 3
Elem: -173
Sum: 13 1
Sumiau: 186 6
Here: 1 1 187 7
Elem: -367
Sum: 1 1
Sumiau: 368 13
Here: 3 1 371 14
Elem: -469
Sum: 3 1
Sumiau: 472 18
Sumiau: 485 19
Here: 13 1 498 20
Elem: -89
Sum: 13 1
Sumiau: 102 3
Here: 2 1 104 4
Elem: -199
Sum: 2 1
Sumiau: 201 7
Here: 21 1 222 8
Elem: -110
Sum: 21 1
Sumiau: 131 4
Here: 5 1 136 5
Elem: -123
Sum: 5 1
Sumiau: 128 6
Here: 34 2 162 8
Elem: -76
Sum: 34 2
Sumiau: 110 4
Here: 5 1 115 5
Elem: -34
Sum: 5 1
Sumiau: 39 2
Here: 3 1 42 3
Elem: -74
Sum: 3 1
Sumiau: 77 5
Here: 34 1 111 6
Elem: -3
Sum: 34 1
Sumiau: 37 2
Here: 8 1 45 3
Elem: -484
Sum: 8 1
Sumiau: 492 17
Here: 13 1 505 18
Elem: -55
Sum: 13 1
Sumiau: 68 2
Here: 1 1 69 3
Elem: -13
Sum: 1 1
Sumiau: 14 2
Here: 8 1 22 3
Elem: -21
Sum: 8 1
Sumiau: 29 2
Here: 42 2 71 4
Elem: -309
Sum: 42 2
Sumiau: 351 11
Here: 2 1 353 12
Elem: -102
Sum: 2 1
Sumiau: 104 4
Here: 8 1 112 5
Elem: -207
Sum: 8 1
Sumiau: 215 10
Here: 24 2 239 12
Elem: -521
Sum: 24 2
Sumiau: 545 18
Here: 8 1 553 19
Elem: -13
Sum: 8 1
Sumiau: 21 2
Sumiau: 372 12
Here: 1 1 373 13
Elem: -55
Sum: 1 1
Sumiau: 56 2
Here: 21 1 77 3
Elem: -115
Sum: 21 1
Sumiau: 136 6
Here: 3 1 139 7
Elem: -178
Sum: 3 1
Sumiau: 181 6
Here: 2 1 183 7
Elem: -89
Sum: 2 1
Sumiau: 91 4
Here: 3 1 94 5
Elem: -157
Sum: 3 1
Sumiau: 160 7
Here: 2 1 162 8
Elem: -231
Sum: 2 1
Sumiau: 233 11
Here: 1 1 234 12
Elem: -34
Sum: 1 1
Sumiau: 35 2
Here: 5 2 40 4
1109
